Using pre-set license
Built from '2021.3/china_unity/release' branch; Version is '2021.3.45f1c1 (9d8da11b98d3) revision 10325409'; Using compiler version '192829333'; Build Type 'Release'
OS: 'Windows 10  (10.0.19041) 64bit Professional' Language: 'zh' Physical Memory: 48978 MB
BatchMode: 1, IsHumanControllingUs: 0, StartBugReporterOnCrash: 0, Is64bit: 1, IsPro: 1

COMMAND LINE ARGUMENTS:
C:\Program Files\Unity\Hub\Editor\2021.3.45f1c1\Editor\Unity.exe
-adb2
-batchMode
-noUpm
-name
AssetImportWorker3
-projectPath
E:/unity/YEngineLite/Launcher
-logFile
Logs/AssetImportWorker3.log
-srvPort
55065
Successfully changed project path to: E:/unity/YEngineLite/Launcher
E:/unity/YEngineLite/Launcher
[UnityMemory] Configuration Parameters - Can be set up in boot.config
    "memorysetup-bucket-allocator-granularity=16"
    "memorysetup-bucket-allocator-bucket-count=8"
    "memorysetup-bucket-allocator-block-size=33554432"
    "memorysetup-bucket-allocator-block-count=8"
    "memorysetup-main-allocator-block-size=16777216"
    "memorysetup-thread-allocator-block-size=16777216"
    "memorysetup-gfx-main-allocator-block-size=16777216"
    "memorysetup-gfx-thread-allocator-block-size=16777216"
    "memorysetup-cache-allocator-block-size=4194304"
    "memorysetup-typetree-allocator-block-size=2097152"
    "memorysetup-profiler-bucket-allocator-granularity=16"
    "memorysetup-profiler-bucket-allocator-bucket-count=8"
    "memorysetup-profiler-bucket-allocator-block-size=33554432"
    "memorysetup-profiler-bucket-allocator-block-count=8"
    "memorysetup-profiler-allocator-block-size=16777216"
    "memorysetup-profiler-editor-allocator-block-size=1048576"
    "memorysetup-temp-allocator-size-main=16777216"
    "memorysetup-job-temp-allocator-block-size=2097152"
    "memorysetup-job-temp-allocator-block-size-background=1048576"
    "memorysetup-job-temp-allocator-reduction-small-platforms=262144"
    "memorysetup-temp-allocator-size-background-worker=32768"
    "memorysetup-temp-allocator-size-job-worker=262144"
    "memorysetup-temp-allocator-size-preload-manager=33554432"
    "memorysetup-temp-allocator-size-nav-mesh-worker=65536"
    "memorysetup-temp-allocator-size-audio-worker=65536"
    "memorysetup-temp-allocator-size-cloud-worker=32768"
    "memorysetup-temp-allocator-size-gi-baking-worker=262144"
    "memorysetup-temp-allocator-size-gfx=262144"
Player connection [51864] Host "[IP] 192.168.1.37 [Port] 0 [Flags] 2 [Guid] 626835804 [EditorId] 626835804 [Version] 1048832 [Id] WindowsEditor(7,MS-202410131517) [Debug] 1 [PackageName] WindowsEditor [ProjectName] Editor" joined multi-casting on [225.0.0.222:54997]...

Player connection [51864] Host "[IP] 192.168.1.37 [Port] 0 [Flags] 2 [Guid] 626835804 [EditorId] 626835804 [Version] 1048832 [Id] WindowsEditor(7,MS-202410131517) [Debug] 1 [PackageName] WindowsEditor [ProjectName] Editor" joined alternative multi-casting on [225.0.0.222:34997]...

AS: AutoStreaming module initializing.
[Physics::Module] Initialized MultithreadedJobDispatcher with {0} workers.
Refreshing native plugins compatible for Editor in 52.29 ms, found 3 plugins.
Preloading 0 native plugins for Editor in 0.00 ms.
Initialize engine version: 2021.3.45f1c1 (9d8da11b98d3)
[Subsystems] Discovering subsystems at path C:/Program Files/Unity/Hub/Editor/2021.3.45f1c1/Editor/Data/Resources/UnitySubsystems
[Subsystems] Discovering subsystems at path E:/unity/YEngineLite/Launcher/Assets
GfxDevice: creating device client; threaded=0; jobified=0
Direct3D:
    Version:  Direct3D 11.0 [level 11.1]
    Renderer: NVIDIA GeForce RTX 4060 Ti (ID=0x2803)
    Vendor:   NVIDIA
    VRAM:     16109 MB
    Driver:   32.0.15.7216
Initialize mono
Mono path[0] = 'C:/Program Files/Unity/Hub/Editor/2021.3.45f1c1/Editor/Data/Managed'
Mono path[1] = 'C:/Program Files/Unity/Hub/Editor/2021.3.45f1c1/Editor/Data/MonoBleedingEdge/lib/mono/unityjit-win32'
Mono config path = 'C:/Program Files/Unity/Hub/Editor/2021.3.45f1c1/Editor/Data/MonoBleedingEdge/etc'
Using monoOptions --debugger-agent=transport=dt_socket,embedding=1,server=y,suspend=n,address=127.0.0.1:56352
Begin MonoManager ReloadAssembly
Registering precompiled unity dll's ...
Register platform support module: C:/Program Files/Unity/Hub/Editor/2021.3.45f1c1/Editor/Data/PlaybackEngines/MacStandaloneSupport/UnityEditor.OSXStandalone.Extensions.dll
Register platform support module: C:/Program Files/Unity/Hub/Editor/2021.3.45f1c1/Editor/Data/PlaybackEngines/AndroidPlayer/UnityEditor.Android.Extensions.dll
Register platform support module: C:/Program Files/Unity/Hub/Editor/2021.3.45f1c1/Editor/Data/PlaybackEngines/iOSSupport/UnityEditor.iOS.Extensions.dll
Register platform support module: C:/Program Files/Unity/Hub/Editor/2021.3.45f1c1/Editor/Data/PlaybackEngines/WindowsStandaloneSupport/UnityEditor.WindowsStandalone.Extensions.dll
Registered in 0.010741 seconds.
Native extension for WindowsStandalone target not found
[usbmuxd] Start listen thread
[usbmuxd] Listen thread started
Native extension for iOS target not found
Native extension for Android target not found
Android Extension - Scanning For ADB Devices 323 ms
Native extension for OSXStandalone target not found
Refreshing native plugins compatible for Editor in 50.56 ms, found 3 plugins.
Preloading 0 native plugins for Editor in 0.00 ms.
Mono: successfully reloaded assembly
- Completed reload, in  1.003 seconds
Domain Reload Profiling:
	ReloadAssembly (1003ms)
		BeginReloadAssembly (103ms)
			ExecutionOrderSort (0ms)
			DisableScriptedObjects (0ms)
			BackupInstance (0ms)
			ReleaseScriptingObjects (0ms)
			CreateAndSetChildDomain (1ms)
		EndReloadAssembly (794ms)
			LoadAssemblies (100ms)
			RebuildTransferFunctionScriptingTraits (0ms)
			SetupTypeCache (109ms)
			ReleaseScriptCaches (0ms)
			RebuildScriptCaches (27ms)
			SetupLoadedEditorAssemblies (606ms)
				LogAssemblyErrors (0ms)
				InitializePlatformSupportModulesInManaged (414ms)
				SetLoadedEditorAssemblies (1ms)
				RefreshPlugins (51ms)
				BeforeProcessingInitializeOnLoad (1ms)
				ProcessInitializeOnLoadAttributes (96ms)
				ProcessInitializeOnLoadMethodAttributes (43ms)
				AfterProcessingInitializeOnLoad (0ms)
				EditorAssembliesLoaded (0ms)
			ExecutionOrderSort2 (0ms)
			AwakeInstancesAfterBackupRestoration (0ms)
Platform modules already initialized, skipping
Registering precompiled user dll's ...
Registered in 0.008380 seconds.
Begin MonoManager ReloadAssembly
Symbol file LoadedFromMemory is not a mono symbol file
Native extension for WindowsStandalone target not found
Native extension for iOS target not found
Native extension for Android target not found
Native extension for OSXStandalone target not found
Refreshing native plugins compatible for Editor in 0.79 ms, found 3 plugins.
Preloading 0 native plugins for Editor in 0.00 ms.
Package Manager log level set to [2]
[Package Manager] Server::EnsureServerProcessIsRunning -- launch failed, reason: Unity was launched with the -noUpm command-line argument
[Package Manager] Cannot connect to Unity Package Manager local server
Mono: successfully reloaded assembly
- Completed reload, in  1.703 seconds
Domain Reload Profiling:
	ReloadAssembly (1704ms)
		BeginReloadAssembly (134ms)
			ExecutionOrderSort (0ms)
			DisableScriptedObjects (6ms)
			BackupInstance (0ms)
			ReleaseScriptingObjects (0ms)
			CreateAndSetChildDomain (21ms)
		EndReloadAssembly (1465ms)
			LoadAssemblies (106ms)
			RebuildTransferFunctionScriptingTraits (0ms)
			SetupTypeCache (288ms)
			ReleaseScriptCaches (1ms)
			RebuildScriptCaches (51ms)
			SetupLoadedEditorAssemblies (1006ms)
				LogAssemblyErrors (0ms)
				InitializePlatformSupportModulesInManaged (33ms)
				SetLoadedEditorAssemblies (0ms)
				RefreshPlugins (1ms)
				BeforeProcessingInitializeOnLoad (68ms)
				ProcessInitializeOnLoadAttributes (865ms)
				ProcessInitializeOnLoadMethodAttributes (26ms)
				AfterProcessingInitializeOnLoad (12ms)
				EditorAssembliesLoaded (0ms)
			ExecutionOrderSort2 (0ms)
			AwakeInstancesAfterBackupRestoration (6ms)
Platform modules already initialized, skipping
========================================================================
Worker process is ready to serve import requests
Launched and connected shader compiler UnityShaderCompiler.exe after 0.04 seconds
Refreshing native plugins compatible for Editor in 0.64 ms, found 3 plugins.
Preloading 0 native plugins for Editor in 0.00 ms.
Unloading 3407 Unused Serialized files (Serialized files now loaded: 0)
Unloading 33 unused Assets / (46.5 KB). Loaded Objects now: 3861.
Memory consumption went from 124.2 MB to 124.1 MB.
Total: 2.997700 ms (FindLiveObjects: 0.208900 ms CreateObjectMapping: 0.090700 ms MarkObjects: 2.627900 ms  DeleteObjects: 0.069100 ms)

AssetImportParameters requested are different than current active one (requested -> active):
  custom:video-decoder-ogg-theora: a1e56fd34408186e4bbccfd4996cb3dc -> 
  custom:container-muxer-webm: aa71ff27fc2769a1b78a27578f13a17b -> 
  custom:container-demuxer-webm: 4f35f7cbe854078d1ac9338744f61a02 -> 
  custom:video-encoder-webm-vp8: eb34c28f22e8b96e1ab97ce403110664 -> 
  custom:CustomObjectIndexerAttribute: bc11b3a6c3213fcdd17b65e7da85e133 -> 
  custom:audio-encoder-webm-vorbis: bf7c407c2cedff20999df2af8eb42d56 -> 
  custom:framework-win-MediaFoundation: 216162199b28c13a410421893ffa2e32 -> 
  custom:SearchIndexIgnoredProperties: e643bd26f0fe6173181afceb89e7c659 -> 
  custom:container-demuxer-ogg: 62fdf1f143b41e24485cea50d1cbac27 -> 
  custom:video-decoder-webm-vp8: 9c59270c3fd7afecdb556c50c9e8de78 -> 
  custom:audio-decoder-ogg-vorbis: bf7c407c2cedff20999df2af8eb42d56 -> 
========================================================================
Received Import Request.
  Time since last request: 117818.448334 seconds.
  path: Assets/Plugins/UniTask/Runtime/Linq/UnityExtensions/Timer.cs
  artifactKey: Guid(382caacde439855418709c641e4d7b04) Importer(815301076,1909f56bfc062723c751e8b465ee728b)
Number of updated assets reloaded before import = 0
Start importing Assets/Plugins/UniTask/Runtime/Linq/UnityExtensions/Timer.cs using Guid(382caacde439855418709c641e4d7b04) Importer(815301076,1909f56bfc062723c751e8b465ee728b)  -> (artifact id: 'e7a38f71016034eaa25ea2b1e7f55ee1') in 0.053167 seconds 
Number of asset objects unloaded after import = 0
========================================================================
Received Import Request.
  Time since last request: 0.015134 seconds.
  path: Assets/Plugins/UniTask/Runtime/UniTask.cs
  artifactKey: Guid(8947adf23181ff04db73829df217ca94) Importer(815301076,1909f56bfc062723c751e8b465ee728b)
Number of updated assets reloaded before import = 0
Start importing Assets/Plugins/UniTask/Runtime/UniTask.cs using Guid(8947adf23181ff04db73829df217ca94) Importer(815301076,1909f56bfc062723c751e8b465ee728b)  -> (artifact id: '3c10e2a6fca68429a63abe65d18ea539') in 0.003070 seconds 
Number of asset objects unloaded after import = 0
========================================================================
Received Import Request.
  Time since last request: 0.000020 seconds.
  path: Assets/TextMesh Pro/Shaders/TMPro.cginc
  artifactKey: Guid(407bc68d299748449bbf7f48ee690f8d) Importer(815301076,1909f56bfc062723c751e8b465ee728b)
Number of updated assets reloaded before import = 0
Start importing Assets/TextMesh Pro/Shaders/TMPro.cginc using Guid(407bc68d299748449bbf7f48ee690f8d) Importer(815301076,1909f56bfc062723c751e8b465ee728b)  -> (artifact id: 'a1d8b5eeaa1fc65be87ea730aeec23ea') in 0.017056 seconds 
Number of asset objects unloaded after import = 1
========================================================================
Received Import Request.
  Time since last request: 0.000018 seconds.
  path: Assets/Plugins/UniTask/Runtime/Linq/ToList.cs
  artifactKey: Guid(3859c1b31e81d9b44b282e7d97e11635) Importer(815301076,1909f56bfc062723c751e8b465ee728b)
Number of updated assets reloaded before import = 0
Start importing Assets/Plugins/UniTask/Runtime/Linq/ToList.cs using Guid(3859c1b31e81d9b44b282e7d97e11635) Importer(815301076,1909f56bfc062723c751e8b465ee728b)  -> (artifact id: '55f320a5afa239128de8f1869e1ab22e') in 0.001562 seconds 
Number of asset objects unloaded after import = 0
========================================================================
Received Import Request.
  Time since last request: 1.449234 seconds.
  path: Assets/Plugins/UniTask/Runtime/Internal/TaskTracker.cs
  artifactKey: Guid(a203c73eb4ccdbb44bddfd82d38fdda9) Importer(815301076,1909f56bfc062723c751e8b465ee728b)
Number of updated assets reloaded before import = 0
Start importing Assets/Plugins/UniTask/Runtime/Internal/TaskTracker.cs using Guid(a203c73eb4ccdbb44bddfd82d38fdda9) Importer(815301076,1909f56bfc062723c751e8b465ee728b)  -> (artifact id: '02eeb0f047ee9b9de8cfc83d005b1b8d') in 0.001625 seconds 
Number of asset objects unloaded after import = 0
========================================================================
Received Import Request.
  Time since last request: 0.000018 seconds.
  path: Assets/Plugins/UniTask/Runtime/UniTask.Delay.cs
  artifactKey: Guid(ecff7972251de0848b2c0fa89bbd3489) Importer(815301076,1909f56bfc062723c751e8b465ee728b)
Number of updated assets reloaded before import = 0
Start importing Assets/Plugins/UniTask/Runtime/UniTask.Delay.cs using Guid(ecff7972251de0848b2c0fa89bbd3489) Importer(815301076,1909f56bfc062723c751e8b465ee728b)  -> (artifact id: 'cc0ad1a159ff9f2bd64aaf0db2406941') in 0.001465 seconds 
Number of asset objects unloaded after import = 0
========================================================================
Received Import Request.
  Time since last request: 0.009812 seconds.
  path: Assets/Plugins/UniTask/Runtime/UniTask.WhenAll.cs
  artifactKey: Guid(355997a305ba64248822eec34998a1a0) Importer(815301076,1909f56bfc062723c751e8b465ee728b)
Number of updated assets reloaded before import = 0
Start importing Assets/Plugins/UniTask/Runtime/UniTask.WhenAll.cs using Guid(355997a305ba64248822eec34998a1a0) Importer(815301076,1909f56bfc062723c751e8b465ee728b)  -> (artifact id: 'ce4da7b73f385ba74ab61b0033c4417c') in 0.002431 seconds 
Number of asset objects unloaded after import = 0
========================================================================
Received Import Request.
  Time since last request: 0.000033 seconds.
  path: Assets/Plugins/UniTask/Runtime/UniTask.Factory.cs
  artifactKey: Guid(4e12b66d6b9bd7845b04a594cbe386b4) Importer(815301076,1909f56bfc062723c751e8b465ee728b)
Number of updated assets reloaded before import = 0
Start importing Assets/Plugins/UniTask/Runtime/UniTask.Factory.cs using Guid(4e12b66d6b9bd7845b04a594cbe386b4) Importer(815301076,1909f56bfc062723c751e8b465ee728b)  -> (artifact id: '4d4a4e387d46184153c5d74fa5af6d2b') in 0.004141 seconds 
Number of asset objects unloaded after import = 0
========================================================================
Received Import Request.
  Time since last request: 0.000030 seconds.
  path: Assets/Plugins/UniTask/Runtime/UniTask.WhenEach.cs
  artifactKey: Guid(7cac24fdda5112047a1cd3dd66b542c4) Importer(815301076,1909f56bfc062723c751e8b465ee728b)
Number of updated assets reloaded before import = 0
Start importing Assets/Plugins/UniTask/Runtime/UniTask.WhenEach.cs using Guid(7cac24fdda5112047a1cd3dd66b542c4) Importer(815301076,1909f56bfc062723c751e8b465ee728b)  -> (artifact id: '828cafdd229f0c19a11a6fc7a6beaf68') in 0.003259 seconds 
Number of asset objects unloaded after import = 0
========================================================================
Received Import Request.
  Time since last request: 0.000027 seconds.
  path: Assets/Plugins/UniTask/Runtime/Linq/UniTask.Linq.asmdef
  artifactKey: Guid(5c01796d064528144a599661eaab93a6) Importer(815301076,1909f56bfc062723c751e8b465ee728b)
Number of updated assets reloaded before import = 0
Start importing Assets/Plugins/UniTask/Runtime/Linq/UniTask.Linq.asmdef using Guid(5c01796d064528144a599661eaab93a6) Importer(815301076,1909f56bfc062723c751e8b465ee728b)  -> (artifact id: '335c37b36386af29abd8084d60266f56') in 0.003568 seconds 
Number of asset objects unloaded after import = 0
========================================================================
Received Import Request.
  Time since last request: 2.011541 seconds.
  path: Assets/Plugins/UniTask/Runtime/UniTask.Threading.cs
  artifactKey: Guid(4132ea600454134439fa2c7eb931b5e6) Importer(815301076,1909f56bfc062723c751e8b465ee728b)
Number of updated assets reloaded before import = 0
Start importing Assets/Plugins/UniTask/Runtime/UniTask.Threading.cs using Guid(4132ea600454134439fa2c7eb931b5e6) Importer(815301076,1909f56bfc062723c751e8b465ee728b)  -> (artifact id: 'f4c60cd6892c16b1c30e947a285c7c54') in 0.003049 seconds 
Number of asset objects unloaded after import = 0
========================================================================
Received Import Request.
  Time since last request: 0.033074 seconds.
  path: Assets/Plugins/UniTask/Runtime/External/DOTween/UniTask.DOTween.asmdef
  artifactKey: Guid(029c1c1b674aaae47a6841a0b89ad80e) Importer(815301076,1909f56bfc062723c751e8b465ee728b)
Number of updated assets reloaded before import = 0
Start importing Assets/Plugins/UniTask/Runtime/External/DOTween/UniTask.DOTween.asmdef using Guid(029c1c1b674aaae47a6841a0b89ad80e) Importer(815301076,1909f56bfc062723c751e8b465ee728b)  -> (artifact id: 'b1977a8d9a974f674958245132716598') in 0.002032 seconds 
Number of asset objects unloaded after import = 0
========================================================================
Received Import Request.
  Time since last request: 0.309705 seconds.
  path: Assets/Plugins/UniTask/Editor/UniTaskTrackerTreeView.cs
  artifactKey: Guid(52e2d973a2156674e8c1c9433ed031f7) Importer(815301076,1909f56bfc062723c751e8b465ee728b)
Number of updated assets reloaded before import = 0
Start importing Assets/Plugins/UniTask/Editor/UniTaskTrackerTreeView.cs using Guid(52e2d973a2156674e8c1c9433ed031f7) Importer(815301076,1909f56bfc062723c751e8b465ee728b)  -> (artifact id: '1cd718986a30144a22a386c9b5163fb2') in 0.004147 seconds 
Number of asset objects unloaded after import = 0
========================================================================
Received Import Request.
  Time since last request: 0.042209 seconds.
  path: Assets/Plugins/UniTask/Runtime/UniTaskCompletionSource.cs
  artifactKey: Guid(ed03524d09e7eb24a9fb9137198feb84) Importer(815301076,1909f56bfc062723c751e8b465ee728b)
Number of updated assets reloaded before import = 0
Start importing Assets/Plugins/UniTask/Runtime/UniTaskCompletionSource.cs using Guid(ed03524d09e7eb24a9fb9137198feb84) Importer(815301076,1909f56bfc062723c751e8b465ee728b)  -> (artifact id: 'daa1020e0416be333dfaf9c24d2e3e7c') in 0.002396 seconds 
Number of asset objects unloaded after import = 0
========================================================================
Received Import Request.
  Time since last request: 0.023442 seconds.
  path: Assets/Plugins/UniTask/Runtime/Linq/ToUniTaskAsyncEnumerable.cs
  artifactKey: Guid(d7192de2a0581ec4db62962cc1404af5) Importer(815301076,1909f56bfc062723c751e8b465ee728b)
Number of updated assets reloaded before import = 0
Start importing Assets/Plugins/UniTask/Runtime/Linq/ToUniTaskAsyncEnumerable.cs using Guid(d7192de2a0581ec4db62962cc1404af5) Importer(815301076,1909f56bfc062723c751e8b465ee728b)  -> (artifact id: 'e5bde5579cc2a5edcfa27e7e7c1a5222') in 0.001553 seconds 
Number of asset objects unloaded after import = 0
========================================================================
Received Import Request.
  Time since last request: 0.280958 seconds.
  path: Assets/Plugins/UniTask/Runtime/CompilerServices/AsyncUniTaskMethodBuilder.cs
  artifactKey: Guid(68d72a45afdec574ebc26e7de2c38330) Importer(815301076,1909f56bfc062723c751e8b465ee728b)
Number of updated assets reloaded before import = 0
Start importing Assets/Plugins/UniTask/Runtime/CompilerServices/AsyncUniTaskMethodBuilder.cs using Guid(68d72a45afdec574ebc26e7de2c38330) Importer(815301076,1909f56bfc062723c751e8b465ee728b)  -> (artifact id: 'd1e1676890082155b0d11baff6b3853a') in 0.001701 seconds 
Number of asset objects unloaded after import = 0
========================================================================
Received Import Request.
  Time since last request: 0.018926 seconds.
  path: Assets/Plugins/UniTask/Runtime/UniTaskSynchronizationContext.cs
  artifactKey: Guid(abf3aae9813db2849bce518f8596e920) Importer(815301076,1909f56bfc062723c751e8b465ee728b)
Number of updated assets reloaded before import = 0
Start importing Assets/Plugins/UniTask/Runtime/UniTaskSynchronizationContext.cs using Guid(abf3aae9813db2849bce518f8596e920) Importer(815301076,1909f56bfc062723c751e8b465ee728b)  -> (artifact id: 'd875d2d12092d3ef84f7a6e464335e58') in 0.001711 seconds 
Number of asset objects unloaded after import = 0
Editor requested this worker to shutdown with reason: Scaling down because of idle timeout
AssetImportWorkerClient::OnTransportError - code=2 error=End of file
AssetImportWorker is now disconnected from the server
Process exiting
Exiting without the bug reporter. Application will terminate with return code 0