Using pre-set license
Built from '2021.3/china_unity/release' branch; Version is '2021.3.45f1c1 (9d8da11b98d3) revision 10325409'; Using compiler version '192829333'; Build Type 'Release'
OS: 'Windows 10  (10.0.19041) 64bit Professional' Language: 'zh' Physical Memory: 48978 MB
BatchMode: 1, IsHumanControllingUs: 0, StartBugReporterOnCrash: 0, Is64bit: 1, IsPro: 1

COMMAND LINE ARGUMENTS:
C:\Program Files\Unity\Hub\Editor\2021.3.45f1c1\Editor\Unity.exe
-adb2
-batchMode
-noUpm
-name
AssetImportWorker4
-projectPath
E:/unity/YEngineLite/Launcher
-logFile
Logs/AssetImportWorker4.log
-srvPort
55065
Successfully changed project path to: E:/unity/YEngineLite/Launcher
E:/unity/YEngineLite/Launcher
[UnityMemory] Configuration Parameters - Can be set up in boot.config
    "memorysetup-bucket-allocator-granularity=16"
    "memorysetup-bucket-allocator-bucket-count=8"
    "memorysetup-bucket-allocator-block-size=33554432"
    "memorysetup-bucket-allocator-block-count=8"
    "memorysetup-main-allocator-block-size=16777216"
    "memorysetup-thread-allocator-block-size=16777216"
    "memorysetup-gfx-main-allocator-block-size=16777216"
    "memorysetup-gfx-thread-allocator-block-size=16777216"
    "memorysetup-cache-allocator-block-size=4194304"
    "memorysetup-typetree-allocator-block-size=2097152"
    "memorysetup-profiler-bucket-allocator-granularity=16"
    "memorysetup-profiler-bucket-allocator-bucket-count=8"
    "memorysetup-profiler-bucket-allocator-block-size=33554432"
    "memorysetup-profiler-bucket-allocator-block-count=8"
    "memorysetup-profiler-allocator-block-size=16777216"
    "memorysetup-profiler-editor-allocator-block-size=1048576"
    "memorysetup-temp-allocator-size-main=16777216"
    "memorysetup-job-temp-allocator-block-size=2097152"
    "memorysetup-job-temp-allocator-block-size-background=1048576"
    "memorysetup-job-temp-allocator-reduction-small-platforms=262144"
    "memorysetup-temp-allocator-size-background-worker=32768"
    "memorysetup-temp-allocator-size-job-worker=262144"
    "memorysetup-temp-allocator-size-preload-manager=33554432"
    "memorysetup-temp-allocator-size-nav-mesh-worker=65536"
    "memorysetup-temp-allocator-size-audio-worker=65536"
    "memorysetup-temp-allocator-size-cloud-worker=32768"
    "memorysetup-temp-allocator-size-gi-baking-worker=262144"
    "memorysetup-temp-allocator-size-gfx=262144"
Player connection [51948] Host "[IP] 192.168.1.37 [Port] 0 [Flags] 2 [Guid] 506835200 [EditorId] 506835200 [Version] 1048832 [Id] WindowsEditor(7,MS-202410131517) [Debug] 1 [PackageName] WindowsEditor [ProjectName] Editor" joined multi-casting on [225.0.0.222:54997]...

Player connection [51948] Host "[IP] 192.168.1.37 [Port] 0 [Flags] 2 [Guid] 506835200 [EditorId] 506835200 [Version] 1048832 [Id] WindowsEditor(7,MS-202410131517) [Debug] 1 [PackageName] WindowsEditor [ProjectName] Editor" joined alternative multi-casting on [225.0.0.222:34997]...

AS: AutoStreaming module initializing.
[Physics::Module] Initialized MultithreadedJobDispatcher with {0} workers.
Refreshing native plugins compatible for Editor in 60.38 ms, found 3 plugins.
Preloading 0 native plugins for Editor in 0.00 ms.
Initialize engine version: 2021.3.45f1c1 (9d8da11b98d3)
[Subsystems] Discovering subsystems at path C:/Program Files/Unity/Hub/Editor/2021.3.45f1c1/Editor/Data/Resources/UnitySubsystems
[Subsystems] Discovering subsystems at path E:/unity/YEngineLite/Launcher/Assets
GfxDevice: creating device client; threaded=0; jobified=0
Direct3D:
    Version:  Direct3D 11.0 [level 11.1]
    Renderer: NVIDIA GeForce RTX 4060 Ti (ID=0x2803)
    Vendor:   NVIDIA
    VRAM:     16109 MB
    Driver:   32.0.15.7216
Initialize mono
Mono path[0] = 'C:/Program Files/Unity/Hub/Editor/2021.3.45f1c1/Editor/Data/Managed'
Mono path[1] = 'C:/Program Files/Unity/Hub/Editor/2021.3.45f1c1/Editor/Data/MonoBleedingEdge/lib/mono/unityjit-win32'
Mono config path = 'C:/Program Files/Unity/Hub/Editor/2021.3.45f1c1/Editor/Data/MonoBleedingEdge/etc'
Using monoOptions --debugger-agent=transport=dt_socket,embedding=1,server=y,suspend=n,address=127.0.0.1:56456
Begin MonoManager ReloadAssembly
Registering precompiled unity dll's ...
Register platform support module: C:/Program Files/Unity/Hub/Editor/2021.3.45f1c1/Editor/Data/PlaybackEngines/MacStandaloneSupport/UnityEditor.OSXStandalone.Extensions.dll
Register platform support module: C:/Program Files/Unity/Hub/Editor/2021.3.45f1c1/Editor/Data/PlaybackEngines/AndroidPlayer/UnityEditor.Android.Extensions.dll
Register platform support module: C:/Program Files/Unity/Hub/Editor/2021.3.45f1c1/Editor/Data/PlaybackEngines/iOSSupport/UnityEditor.iOS.Extensions.dll
Register platform support module: C:/Program Files/Unity/Hub/Editor/2021.3.45f1c1/Editor/Data/PlaybackEngines/WindowsStandaloneSupport/UnityEditor.WindowsStandalone.Extensions.dll
Registered in 0.019376 seconds.
Native extension for WindowsStandalone target not found
[usbmuxd] Start listen thread
[usbmuxd] Listen thread started
Native extension for iOS target not found
Native extension for Android target not found
Android Extension - Scanning For ADB Devices 318 ms
Native extension for OSXStandalone target not found
Refreshing native plugins compatible for Editor in 50.41 ms, found 3 plugins.
Preloading 0 native plugins for Editor in 0.00 ms.
Mono: successfully reloaded assembly
- Completed reload, in  1.002 seconds
Domain Reload Profiling:
	ReloadAssembly (1002ms)
		BeginReloadAssembly (100ms)
			ExecutionOrderSort (0ms)
			DisableScriptedObjects (0ms)
			BackupInstance (0ms)
			ReleaseScriptingObjects (0ms)
			CreateAndSetChildDomain (1ms)
		EndReloadAssembly (781ms)
			LoadAssemblies (95ms)
			RebuildTransferFunctionScriptingTraits (0ms)
			SetupTypeCache (108ms)
			ReleaseScriptCaches (0ms)
			RebuildScriptCaches (29ms)
			SetupLoadedEditorAssemblies (600ms)
				LogAssemblyErrors (0ms)
				InitializePlatformSupportModulesInManaged (409ms)
				SetLoadedEditorAssemblies (0ms)
				RefreshPlugins (51ms)
				BeforeProcessingInitializeOnLoad (2ms)
				ProcessInitializeOnLoadAttributes (96ms)
				ProcessInitializeOnLoadMethodAttributes (43ms)
				AfterProcessingInitializeOnLoad (0ms)
				EditorAssembliesLoaded (0ms)
			ExecutionOrderSort2 (0ms)
			AwakeInstancesAfterBackupRestoration (0ms)
Platform modules already initialized, skipping
Registering precompiled user dll's ...
Registered in 0.009249 seconds.
Begin MonoManager ReloadAssembly
Symbol file LoadedFromMemory is not a mono symbol file
Native extension for WindowsStandalone target not found
Native extension for iOS target not found
Native extension for Android target not found
Native extension for OSXStandalone target not found
Refreshing native plugins compatible for Editor in 0.72 ms, found 3 plugins.
Preloading 0 native plugins for Editor in 0.00 ms.
Package Manager log level set to [2]
[Package Manager] Server::EnsureServerProcessIsRunning -- launch failed, reason: Unity was launched with the -noUpm command-line argument
[Package Manager] Cannot connect to Unity Package Manager local server
Mono: successfully reloaded assembly
- Completed reload, in  1.679 seconds
Domain Reload Profiling:
	ReloadAssembly (1680ms)
		BeginReloadAssembly (121ms)
			ExecutionOrderSort (0ms)
			DisableScriptedObjects (6ms)
			BackupInstance (0ms)
			ReleaseScriptingObjects (0ms)
			CreateAndSetChildDomain (22ms)
		EndReloadAssembly (1450ms)
			LoadAssemblies (92ms)
			RebuildTransferFunctionScriptingTraits (0ms)
			SetupTypeCache (287ms)
			ReleaseScriptCaches (1ms)
			RebuildScriptCaches (50ms)
			SetupLoadedEditorAssemblies (990ms)
				LogAssemblyErrors (0ms)
				InitializePlatformSupportModulesInManaged (29ms)
				SetLoadedEditorAssemblies (0ms)
				RefreshPlugins (1ms)
				BeforeProcessingInitializeOnLoad (67ms)
				ProcessInitializeOnLoadAttributes (856ms)
				ProcessInitializeOnLoadMethodAttributes (27ms)
				AfterProcessingInitializeOnLoad (11ms)
				EditorAssembliesLoaded (0ms)
			ExecutionOrderSort2 (0ms)
			AwakeInstancesAfterBackupRestoration (7ms)
Platform modules already initialized, skipping
========================================================================
Worker process is ready to serve import requests
Launched and connected shader compiler UnityShaderCompiler.exe after 0.04 seconds
Refreshing native plugins compatible for Editor in 0.83 ms, found 3 plugins.
Preloading 0 native plugins for Editor in 0.00 ms.
Unloading 3407 Unused Serialized files (Serialized files now loaded: 0)
Unloading 33 unused Assets / (46.7 KB). Loaded Objects now: 3861.
Memory consumption went from 124.2 MB to 124.1 MB.
Total: 3.529300 ms (FindLiveObjects: 0.316500 ms CreateObjectMapping: 0.090800 ms MarkObjects: 3.042900 ms  DeleteObjects: 0.078200 ms)

AssetImportParameters requested are different than current active one (requested -> active):
  custom:video-decoder-ogg-theora: a1e56fd34408186e4bbccfd4996cb3dc -> 
  custom:container-muxer-webm: aa71ff27fc2769a1b78a27578f13a17b -> 
  custom:container-demuxer-webm: 4f35f7cbe854078d1ac9338744f61a02 -> 
  custom:video-encoder-webm-vp8: eb34c28f22e8b96e1ab97ce403110664 -> 
  custom:CustomObjectIndexerAttribute: bc11b3a6c3213fcdd17b65e7da85e133 -> 
  custom:audio-encoder-webm-vorbis: bf7c407c2cedff20999df2af8eb42d56 -> 
  custom:framework-win-MediaFoundation: 216162199b28c13a410421893ffa2e32 -> 
  custom:SearchIndexIgnoredProperties: e643bd26f0fe6173181afceb89e7c659 -> 
  custom:container-demuxer-ogg: 62fdf1f143b41e24485cea50d1cbac27 -> 
  custom:video-decoder-webm-vp8: 9c59270c3fd7afecdb556c50c9e8de78 -> 
  custom:audio-decoder-ogg-vorbis: bf7c407c2cedff20999df2af8eb42d56 -> 
========================================================================
Received Import Request.
  Time since last request: 117818.433630 seconds.
  path: Assets/Plugins/UniTask/Runtime/Linq/Take.cs
  artifactKey: Guid(42f02cb84e5875b488304755d0e1383d) Importer(815301076,1909f56bfc062723c751e8b465ee728b)
Number of updated assets reloaded before import = 0
Start importing Assets/Plugins/UniTask/Runtime/Linq/Take.cs using Guid(42f02cb84e5875b488304755d0e1383d) Importer(815301076,1909f56bfc062723c751e8b465ee728b)  -> (artifact id: '0c196842d9c14308d57b1bee8ccb36fc') in 0.060497 seconds 
Number of asset objects unloaded after import = 0
========================================================================
Received Import Request.
  Time since last request: 0.000023 seconds.
  path: Assets/Plugins/UniTask/Runtime/Linq/OfType.cs
  artifactKey: Guid(111ffe87a7d700442a9ef5af554b252c) Importer(815301076,1909f56bfc062723c751e8b465ee728b)
Number of updated assets reloaded before import = 0
Start importing Assets/Plugins/UniTask/Runtime/Linq/OfType.cs using Guid(111ffe87a7d700442a9ef5af554b252c) Importer(815301076,1909f56bfc062723c751e8b465ee728b)  -> (artifact id: '612073bfcbe0051d9a44090305af546a') in 0.004184 seconds 
Number of asset objects unloaded after import = 0
========================================================================
Received Import Request.
  Time since last request: 0.016430 seconds.
  path: Assets/Plugins/UniTask/Runtime/TaskPool.cs
  artifactKey: Guid(19f4e6575150765449cc99f25f06f25f) Importer(815301076,1909f56bfc062723c751e8b465ee728b)
Number of updated assets reloaded before import = 0
Start importing Assets/Plugins/UniTask/Runtime/TaskPool.cs using Guid(19f4e6575150765449cc99f25f06f25f) Importer(815301076,1909f56bfc062723c751e8b465ee728b)  -> (artifact id: '8e8c8f5011ef546f445b6f89e1d4ec8e') in 0.002378 seconds 
Number of asset objects unloaded after import = 0
========================================================================
Received Import Request.
  Time since last request: 0.000020 seconds.
  path: Assets/Plugins/UniTask/Runtime/Linq/ToArray.cs
  artifactKey: Guid(debb010bbb1622e43b94fe70ec0133dd) Importer(815301076,1909f56bfc062723c751e8b465ee728b)
Number of updated assets reloaded before import = 0
Start importing Assets/Plugins/UniTask/Runtime/Linq/ToArray.cs using Guid(debb010bbb1622e43b94fe70ec0133dd) Importer(815301076,1909f56bfc062723c751e8b465ee728b)  -> (artifact id: '42bcb523b833359d68708b21cea55831') in 0.002028 seconds 
Number of asset objects unloaded after import = 0
========================================================================
Received Import Request.
  Time since last request: 0.000015 seconds.
  path: Assets/Plugins/UniTask/Runtime/Linq/TakeLast.cs
  artifactKey: Guid(510aa9fd35b45fc40bcdb7e59f01fd1b) Importer(815301076,1909f56bfc062723c751e8b465ee728b)
Number of updated assets reloaded before import = 0
Start importing Assets/Plugins/UniTask/Runtime/Linq/TakeLast.cs using Guid(510aa9fd35b45fc40bcdb7e59f01fd1b) Importer(815301076,1909f56bfc062723c751e8b465ee728b)  -> (artifact id: '7b5be89e04a47c5208ddab0137ba9d0a') in 0.001500 seconds 
Number of asset objects unloaded after import = 0
========================================================================
Received Import Request.
  Time since last request: 0.000022 seconds.
  path: Assets/Plugins/UniTask/Runtime/Linq/ToHashSet.cs
  artifactKey: Guid(7a3e552113af96e4986805ec3c4fc80a) Importer(815301076,1909f56bfc062723c751e8b465ee728b)
Number of updated assets reloaded before import = 0
Start importing Assets/Plugins/UniTask/Runtime/Linq/ToHashSet.cs using Guid(7a3e552113af96e4986805ec3c4fc80a) Importer(815301076,1909f56bfc062723c751e8b465ee728b)  -> (artifact id: '1f3c6ad6bd4651fce266ef23640ea0ac') in 0.001881 seconds 
Number of asset objects unloaded after import = 0
========================================================================
Received Import Request.
  Time since last request: 0.000019 seconds.
  path: Assets/Plugins/UniTask/Runtime/Linq/TakeUntil.cs
  artifactKey: Guid(12bda324162f15349afefc2c152ac07f) Importer(815301076,1909f56bfc062723c751e8b465ee728b)
Number of updated assets reloaded before import = 0
Start importing Assets/Plugins/UniTask/Runtime/Linq/TakeUntil.cs using Guid(12bda324162f15349afefc2c152ac07f) Importer(815301076,1909f56bfc062723c751e8b465ee728b)  -> (artifact id: 'd244ba1d21de112c4e82a2d481444204') in 0.001900 seconds 
Number of asset objects unloaded after import = 0
========================================================================
Received Import Request.
  Time since last request: 0.000024 seconds.
  path: Assets/Plugins/UniTask/Runtime/Linq/ToLookup.cs
  artifactKey: Guid(57da22563bcd6ca4aaf256d941de5cb0) Importer(815301076,1909f56bfc062723c751e8b465ee728b)
Number of updated assets reloaded before import = 0
Start importing Assets/Plugins/UniTask/Runtime/Linq/ToLookup.cs using Guid(57da22563bcd6ca4aaf256d941de5cb0) Importer(815301076,1909f56bfc062723c751e8b465ee728b)  -> (artifact id: 'd4c616197555f9083755dc8a1c550684') in 0.001631 seconds 
Number of asset objects unloaded after import = 0
========================================================================
Received Import Request.
  Time since last request: 0.000013 seconds.
  path: Assets/Plugins/UniTask/Runtime/Linq/Throw.cs
  artifactKey: Guid(9d05a7d4f4161e549b4789e1022baae8) Importer(815301076,1909f56bfc062723c751e8b465ee728b)
Number of updated assets reloaded before import = 0
Start importing Assets/Plugins/UniTask/Runtime/Linq/Throw.cs using Guid(9d05a7d4f4161e549b4789e1022baae8) Importer(815301076,1909f56bfc062723c751e8b465ee728b)  -> (artifact id: 'e7816a5b88f9c75a91dc6fff2b5d9d2d') in 0.001540 seconds 
Number of asset objects unloaded after import = 0
========================================================================
Received Import Request.
  Time since last request: 1.451553 seconds.
  path: Assets/Plugins/UniTask/Runtime/UniTask.Run.cs
  artifactKey: Guid(8473162fc285a5f44bcca90f7da073e7) Importer(815301076,1909f56bfc062723c751e8b465ee728b)
Number of updated assets reloaded before import = 0
Start importing Assets/Plugins/UniTask/Runtime/UniTask.Run.cs using Guid(8473162fc285a5f44bcca90f7da073e7) Importer(815301076,1909f56bfc062723c751e8b465ee728b)  -> (artifact id: '0feed3585186c0c817da82db1dd6f74a') in 0.001742 seconds 
Number of asset objects unloaded after import = 0
========================================================================
Received Import Request.
  Time since last request: 0.000020 seconds.
  path: Assets/Plugins/UniTask/Runtime/IUniTaskSource.cs
  artifactKey: Guid(3e4d023d8404ab742b5e808c98097c3c) Importer(815301076,1909f56bfc062723c751e8b465ee728b)
Number of updated assets reloaded before import = 0
Start importing Assets/Plugins/UniTask/Runtime/IUniTaskSource.cs using Guid(3e4d023d8404ab742b5e808c98097c3c) Importer(815301076,1909f56bfc062723c751e8b465ee728b)  -> (artifact id: 'd96c77012849e08aeef593a2e14a7568') in 0.001527 seconds 
Number of asset objects unloaded after import = 0
========================================================================
Received Import Request.
  Time since last request: 0.009954 seconds.
  path: Assets/Plugins/UniTask/Runtime/UniTask.WhenAny.cs
  artifactKey: Guid(c32578978c37eaf41bdd90e1b034637d) Importer(815301076,1909f56bfc062723c751e8b465ee728b)
Number of updated assets reloaded before import = 0
Start importing Assets/Plugins/UniTask/Runtime/UniTask.WhenAny.cs using Guid(c32578978c37eaf41bdd90e1b034637d) Importer(815301076,1909f56bfc062723c751e8b465ee728b)  -> (artifact id: 'ec40a32066c30b2344d7341213ae98d9') in 0.002384 seconds 
Number of asset objects unloaded after import = 0
========================================================================
Received Import Request.
  Time since last request: 0.000033 seconds.
  path: Assets/Plugins/UniTask/Runtime/UniTask.Bridge.cs
  artifactKey: Guid(bd6beac8e0ebd264e9ba246c39429c72) Importer(815301076,1909f56bfc062723c751e8b465ee728b)
Number of updated assets reloaded before import = 0
Start importing Assets/Plugins/UniTask/Runtime/UniTask.Bridge.cs using Guid(bd6beac8e0ebd264e9ba246c39429c72) Importer(815301076,1909f56bfc062723c751e8b465ee728b)  -> (artifact id: 'e9fba0430f8e0ea3a736904ce89db161') in 0.004016 seconds 
Number of asset objects unloaded after import = 0
========================================================================
Received Import Request.
  Time since last request: 0.000032 seconds.
  path: Assets/Plugins/UniTask/Runtime/UniTaskVoid.cs
  artifactKey: Guid(e9f28cd922179634d863011548f89ae7) Importer(815301076,1909f56bfc062723c751e8b465ee728b)
Number of updated assets reloaded before import = 0
Start importing Assets/Plugins/UniTask/Runtime/UniTaskVoid.cs using Guid(e9f28cd922179634d863011548f89ae7) Importer(815301076,1909f56bfc062723c751e8b465ee728b)  -> (artifact id: 'a018e6f5c3e570e4755b9285bf6a5cd4') in 0.003056 seconds 
Number of asset objects unloaded after import = 0
========================================================================
Received Import Request.
  Time since last request: 0.000028 seconds.
  path: Assets/Plugins/UniTask/Runtime/UniTask.asmdef
  artifactKey: Guid(f51ebe6a0ceec4240a699833d6309b23) Importer(815301076,1909f56bfc062723c751e8b465ee728b)
Number of updated assets reloaded before import = 0
Start importing Assets/Plugins/UniTask/Runtime/UniTask.asmdef using Guid(f51ebe6a0ceec4240a699833d6309b23) Importer(815301076,1909f56bfc062723c751e8b465ee728b)  -> (artifact id: '33580829b7295e0bf7b23bfb4c1f68b8') in 0.006210 seconds 
Number of asset objects unloaded after import = 0
========================================================================
Received Import Request.
  Time since last request: 1.976933 seconds.
  path: Assets/Plugins/UniTask/Runtime/UniTaskScheduler.cs
  artifactKey: Guid(d6cad69921702d5488d96b5ef30df1b0) Importer(815301076,1909f56bfc062723c751e8b465ee728b)
Number of updated assets reloaded before import = 0
Start importing Assets/Plugins/UniTask/Runtime/UniTaskScheduler.cs using Guid(d6cad69921702d5488d96b5ef30df1b0) Importer(815301076,1909f56bfc062723c751e8b465ee728b)  -> (artifact id: 'cca6eb6d4e19787441508697c75b51b5') in 0.001587 seconds 
Number of asset objects unloaded after import = 0
========================================================================
Received Import Request.
  Time since last request: 0.027401 seconds.
  path: Assets/Plugins/UniTask/Runtime/UniTaskExtensions.cs
  artifactKey: Guid(05460c617dae1e440861a7438535389f) Importer(815301076,1909f56bfc062723c751e8b465ee728b)
Number of updated assets reloaded before import = 0
Start importing Assets/Plugins/UniTask/Runtime/UniTaskExtensions.cs using Guid(05460c617dae1e440861a7438535389f) Importer(815301076,1909f56bfc062723c751e8b465ee728b)  -> (artifact id: 'a6ff8b60a6005547cb4238b710d56cd5') in 0.002203 seconds 
Number of asset objects unloaded after import = 0
========================================================================
Received Import Request.
  Time since last request: 0.018788 seconds.
  path: Assets/Plugins/UniTask/Runtime/UniTask.WaitUntil.cs
  artifactKey: Guid(87c9c533491903a4288536b5ac173db8) Importer(815301076,1909f56bfc062723c751e8b465ee728b)
Number of updated assets reloaded before import = 0
Start importing Assets/Plugins/UniTask/Runtime/UniTask.WaitUntil.cs using Guid(87c9c533491903a4288536b5ac173db8) Importer(815301076,1909f56bfc062723c751e8b465ee728b)  -> (artifact id: 'ffc5904781f84bfd6338a1a5d7d837b5') in 0.001531 seconds 
Number of asset objects unloaded after import = 0
========================================================================
Received Import Request.
  Time since last request: 0.012379 seconds.
  path: Assets/Plugins/UniTask/Editor/UniTask.Editor.asmdef
  artifactKey: Guid(4129704b5a1a13841ba16f230bf24a57) Importer(815301076,1909f56bfc062723c751e8b465ee728b)
Number of updated assets reloaded before import = 0
Start importing Assets/Plugins/UniTask/Editor/UniTask.Editor.asmdef using Guid(4129704b5a1a13841ba16f230bf24a57) Importer(815301076,1909f56bfc062723c751e8b465ee728b)  -> (artifact id: '47b4a92d6ad24acdf3259c7fcdfb9876') in 0.002256 seconds 
Number of asset objects unloaded after import = 0
========================================================================
Received Import Request.
  Time since last request: 0.012881 seconds.
  path: Assets/Plugins/UniTask/Runtime/UniTask.AsValueTask.cs
  artifactKey: Guid(d38f0478933be42d895c37b862540a1c) Importer(815301076,1909f56bfc062723c751e8b465ee728b)
Number of updated assets reloaded before import = 0
Start importing Assets/Plugins/UniTask/Runtime/UniTask.AsValueTask.cs using Guid(d38f0478933be42d895c37b862540a1c) Importer(815301076,1909f56bfc062723c751e8b465ee728b)  -> (artifact id: 'f1ad1b3658753f6c556e437da3b2865f') in 0.001620 seconds 
Number of asset objects unloaded after import = 0
========================================================================
Received Import Request.
  Time since last request: 0.292941 seconds.
  path: Assets/Plugins/UniTask/Editor/UniTaskTrackerWindow.cs
  artifactKey: Guid(5bee3e3860e37484aa3b861bf76d129f) Importer(815301076,1909f56bfc062723c751e8b465ee728b)
Number of updated assets reloaded before import = 0
Start importing Assets/Plugins/UniTask/Editor/UniTaskTrackerWindow.cs using Guid(5bee3e3860e37484aa3b861bf76d129f) Importer(815301076,1909f56bfc062723c751e8b465ee728b)  -> (artifact id: 'cd72180d8023cbce799836d427d80a50') in 0.003503 seconds 
Number of asset objects unloaded after import = 0
========================================================================
Received Import Request.
  Time since last request: 0.025491 seconds.
  path: Assets/Plugins/UniTask/Runtime/IUniTaskAsyncEnumerable.cs
  artifactKey: Guid(b20cf9f02ac585948a4372fa4ee06504) Importer(815301076,1909f56bfc062723c751e8b465ee728b)
Number of updated assets reloaded before import = 0
Start importing Assets/Plugins/UniTask/Runtime/IUniTaskAsyncEnumerable.cs using Guid(b20cf9f02ac585948a4372fa4ee06504) Importer(815301076,1909f56bfc062723c751e8b465ee728b)  -> (artifact id: 'fced964eef6283f533565aaa912abcfe') in 0.003119 seconds 
Number of asset objects unloaded after import = 0
========================================================================
Received Import Request.
  Time since last request: 0.012496 seconds.
  path: Assets/Plugins/UniTask/Runtime/External/TextMeshPro/UniTask.TextMeshPro.asmdef
  artifactKey: Guid(dc47925d1a5fa2946bdd37746b2b5d48) Importer(815301076,1909f56bfc062723c751e8b465ee728b)
Number of updated assets reloaded before import = 0
Start importing Assets/Plugins/UniTask/Runtime/External/TextMeshPro/UniTask.TextMeshPro.asmdef using Guid(dc47925d1a5fa2946bdd37746b2b5d48) Importer(815301076,1909f56bfc062723c751e8b465ee728b)  -> (artifact id: 'd507d49a14b7200d478a45ebbce1b95b') in 0.002868 seconds 
Number of asset objects unloaded after import = 0
========================================================================
Received Import Request.
  Time since last request: 0.000267 seconds.
  path: Assets/Plugins/UniTask/Runtime/External/Addressables/UniTask.Addressables.asmdef
  artifactKey: Guid(593a5b492d29ac6448b1ebf7f035ef33) Importer(815301076,1909f56bfc062723c751e8b465ee728b)
Number of updated assets reloaded before import = 0
Start importing Assets/Plugins/UniTask/Runtime/External/Addressables/UniTask.Addressables.asmdef using Guid(593a5b492d29ac6448b1ebf7f035ef33) Importer(815301076,1909f56bfc062723c751e8b465ee728b)  -> (artifact id: 'acd56ea6d26ce8e5bb05862dacf673df') in 0.005176 seconds 
Number of asset objects unloaded after import = 0
========================================================================
Received Import Request.
  Time since last request: 0.015107 seconds.
  path: Assets/Plugins/UniTask/Runtime/Linq/AsUniTaskAsyncEnumerable.cs
  artifactKey: Guid(69866e262589ea643bbc62a1d696077a) Importer(815301076,1909f56bfc062723c751e8b465ee728b)
Number of updated assets reloaded before import = 0
Start importing Assets/Plugins/UniTask/Runtime/Linq/AsUniTaskAsyncEnumerable.cs using Guid(69866e262589ea643bbc62a1d696077a) Importer(815301076,1909f56bfc062723c751e8b465ee728b)  -> (artifact id: 'fd2dcc05e528b38c46a5b37b86be7fc7') in 0.001704 seconds 
Number of asset objects unloaded after import = 0
========================================================================
Received Import Request.
  Time since last request: 0.236388 seconds.
  path: Assets/Plugins/UniTask/Runtime/UniTask.WhenAny.Generated.cs
  artifactKey: Guid(13d604ac281570c4eac9962429f19ca9) Importer(815301076,1909f56bfc062723c751e8b465ee728b)
Number of updated assets reloaded before import = 0
Start importing Assets/Plugins/UniTask/Runtime/UniTask.WhenAny.Generated.cs using Guid(13d604ac281570c4eac9962429f19ca9) Importer(815301076,1909f56bfc062723c751e8b465ee728b)  -> (artifact id: '2823fb858abfd2b9bafc30bb17108cb1') in 0.001585 seconds 
Number of asset objects unloaded after import = 0
========================================================================
Received Import Request.
  Time since last request: 0.041242 seconds.
  path: Assets/Plugins/UniTask/Runtime/UniTask.WhenAll.Generated.cs
  artifactKey: Guid(5110117231c8a6d4095fd0cbd3f4c142) Importer(815301076,1909f56bfc062723c751e8b465ee728b)
Number of updated assets reloaded before import = 0
Start importing Assets/Plugins/UniTask/Runtime/UniTask.WhenAll.Generated.cs using Guid(5110117231c8a6d4095fd0cbd3f4c142) Importer(815301076,1909f56bfc062723c751e8b465ee728b)  -> (artifact id: 'e93308f5895c8ccb8bc2b659a67a98fd') in 0.001802 seconds 
Number of asset objects unloaded after import = 0
========================================================================
Received Import Request.
  Time since last request: 0.000023 seconds.
  path: Assets/Plugins/UniTask/Runtime/UniTaskExtensions.Shorthand.cs
  artifactKey: Guid(4b4ff020f73dc6d4b8ebd4760d61fb43) Importer(815301076,1909f56bfc062723c751e8b465ee728b)
Number of updated assets reloaded before import = 0
Start importing Assets/Plugins/UniTask/Runtime/UniTaskExtensions.Shorthand.cs using Guid(4b4ff020f73dc6d4b8ebd4760d61fb43) Importer(815301076,1909f56bfc062723c751e8b465ee728b)  -> (artifact id: '82c6792a74fd91a36740a76805d685bc') in 0.002198 seconds 
Number of asset objects unloaded after import = 0
========================================================================
Received Import Request.
  Time since last request: 0.014615 seconds.
  path: Assets/Plugins/UniTask/Runtime/UniTaskObservableExtensions.cs
  artifactKey: Guid(eaea262a5ad393d419c15b3b2901d664) Importer(815301076,1909f56bfc062723c751e8b465ee728b)
Number of updated assets reloaded before import = 0
Start importing Assets/Plugins/UniTask/Runtime/UniTaskObservableExtensions.cs using Guid(eaea262a5ad393d419c15b3b2901d664) Importer(815301076,1909f56bfc062723c751e8b465ee728b)  -> (artifact id: '1aa517e27a07e9059917db46af29da4a') in 0.001747 seconds 
Number of asset objects unloaded after import = 0
========================================================================
Received Import Request.
  Time since last request: 0.015018 seconds.
  path: Assets/Plugins/UniTask/Runtime/CompilerServices/AsyncUniTaskVoidMethodBuilder.cs
  artifactKey: Guid(e891aaac17b933a47a9d7fa3b8e1226f) Importer(815301076,1909f56bfc062723c751e8b465ee728b)
Number of updated assets reloaded before import = 0
Start importing Assets/Plugins/UniTask/Runtime/CompilerServices/AsyncUniTaskVoidMethodBuilder.cs using Guid(e891aaac17b933a47a9d7fa3b8e1226f) Importer(815301076,1909f56bfc062723c751e8b465ee728b)  -> (artifact id: '29f684c581883d37bbdc8fbe964d8bc1') in 0.001886 seconds 
Number of asset objects unloaded after import = 0
Editor requested this worker to shutdown with reason: Scaling down because of idle timeout
AssetImportWorker is now disconnected from the server
Process exiting
Exiting without the bug reporter. Application will terminate with return code 0